<?xml version="1.0" encoding="UTF-8"?>
<!-- Generated by org.testng.reporters.JUnitReportReporter -->
<testsuite hostname="Lenovo-PC" failures="0" tests="2" name="com.neopane.springselenium.resource.ResourceTest" time="4.595" errors="0" timestamp="2024-05-23T10:26:30 IST" skipped="0">
  <testcase classname="com.neopane.springselenium.resource.ResourceTest" name="resourceTest4" time="3.311"/>
  <system-out/>
  <testcase classname="com.neopane.springselenium.resource.ResourceTest" name="resourceTest4" time="1.284"/>
  <system-out/>
</testsuite> <!-- com.neopane.springselenium.resource.ResourceTest -->
