<?xml version="1.0" encoding="UTF-8"?>
<!-- Generated by org.testng.reporters.JUnitReportReporter -->
<testsuite hostname="Lenovo-PC" failures="0" tests="1" name="com.neopane.springselenium.flights.FlightTest" time="7.920" errors="0" timestamp="2024-05-23T16:24:30 IST" skipped="0">
  <testcase classname="com.neopane.springselenium.flights.FlightTest" name="flightTest" time="7.920"/>
  <system-out/>
</testsuite> <!-- com.neopane.springselenium.flights.FlightTest -->
