<?xml version="1.0" encoding="UTF-8"?>
<!-- Generated by org.testng.reporters.JUnitReportReporter -->
<testsuite hostname="Lenovo-PC" failures="0" tests="3" name="com.neopane.springselenium.UserVisaTest" time="22.843" errors="0" timestamp="2024-05-23T19:02:08 IST" skipped="0">
  <testcase classname="com.neopane.springselenium.UserVisaTest" name="visaTest3" time="3.802"/>
  <system-out/>
  <testcase classname="com.neopane.springselenium.UserVisaTest" name="visaTest3" time="8.286"/>
  <system-out/>
  <testcase classname="com.neopane.springselenium.UserVisaTest" name="visaTest3" time="10.755"/>
  <system-out/>
</testsuite> <!-- com.neopane.springselenium.UserVisaTest -->
