<?xml version="1.0" encoding="UTF-8"?>
<!-- Generated by org.testng.reporters.JUnitReportReporter -->
<testsuite hostname="Lenovo-PC" failures="0" tests="2" name="com.neopane.springselenium.googleTest.Google2Test" time="96.892" errors="0" timestamp="2024-05-21T19:03:04 IST" skipped="0">
  <testcase classname="com.neopane.springselenium.googleTest.Google2Test" name="googleTest2" time="75.363"/>
  <system-out/>
  <testcase classname="com.neopane.springselenium.googleTest.Google2Test" name="googleTest2" time="21.529"/>
  <system-out/>
</testsuite> <!-- com.neopane.springselenium.googleTest.Google2Test -->
