<?xml version="1.0" encoding="UTF-8"?>
<!-- Generated by org.testng.reporters.JUnitReportReporter -->
<testsuite hostname="Lenovo-PC" failures="0" tests="3" name="com.neopane.springselenium.window.WindowSwitchTest" time="14.267" errors="0" timestamp="2024-05-23T16:03:42 IST" skipped="0">
  <testcase classname="com.neopane.springselenium.window.WindowSwitchTest" name="switchTest" time="0.862"/>
  <system-out/>
  <testcase classname="com.neopane.springselenium.window.WindowSwitchTest" name="switchTest" time="1.763"/>
  <system-out/>
  <testcase classname="com.neopane.springselenium.window.WindowSwitchTest" name="switchTest" time="11.642"/>
  <system-out/>
</testsuite> <!-- com.neopane.springselenium.window.WindowSwitchTest -->
