<?xml version="1.0" encoding="UTF-8"?>
<!-- Generated by org.testng.reporters.JUnitReportReporter -->
<testsuite hostname="Lenovo-PC" failures="0" tests="1" name="com.neopane.springselenium.googleTest.MultiBrowserTest" time="103.003" errors="0" timestamp="2024-05-21T18:33:44 IST" skipped="0">
  <testcase classname="com.neopane.springselenium.googleTest.MultiBrowserTest" name="browserTest" time="103.003"/>
  <system-out/>
</testsuite> <!-- com.neopane.springselenium.googleTest.MultiBrowserTest -->
