<?xml version="1.0" encoding="UTF-8"?>
<!-- Generated by org.testng.reporters.JUnitReportReporter -->
<testsuite hostname="Lenovo-PC" failures="0" tests="2" name="com.neopane.springselenium.googleTest.GoogleTest" time="92.961" errors="0" timestamp="2024-05-21T19:03:04 IST" skipped="0">
  <testcase classname="com.neopane.springselenium.googleTest.GoogleTest" name="googleTest" time="21.540"/>
  <system-out/>
  <testcase classname="com.neopane.springselenium.googleTest.GoogleTest" name="googleTest" time="71.421"/>
  <system-out/>
</testsuite> <!-- com.neopane.springselenium.googleTest.GoogleTest -->
